D:\GROK\GROK_Explorations\GROK_Explorations.vcxproj(105,5): warning MSB4011: "C:\Program Files (x86)\Microsoft Visual Studio\2017\Community\Common7\IDE\VC\VCTargets\BuildCustomizations\masm.props" cannot be imported again. It was already imported at "C:\Program Files (x86)\Windows Kits\10\build\WindowsDriver.Shared.props (352,3)". This is most likely a build authoring error. This subsequent import will be ignored. 
D:\GROK\GROK_Explorations\GROK_Explorations.vcxproj(165,5): warning MSB4011: "C:\Program Files (x86)\Microsoft Visual Studio\2017\Community\Common7\IDE\VC\VCTargets\BuildCustomizations\masm.targets" cannot be imported again. It was already imported at "C:\Program Files (x86)\Windows Kits\10\build\WindowsDriver.common.targets (1815,3)". This is most likely a build authoring error. This subsequent import will be ignored. 
  Building 'GROK_Explorations' with toolset 'WindowsKernelModeDriver10.0' and the 'Desktop' target platform.
  Stamping x64\Release\GROK_Explorations.inf [Version] section with DriverVer=04/20/2019,10.30.21.63
  gDispatch.cpp
  GROK_Explorations.vcxproj -> D:\GROK\GROK_Explorations\x64\Release\GROK_Explorations.sys
D:\GROK\GROK_Explorations\GROK_Explorations.vcxproj(105,5): warning MSB4011: "C:\Program Files (x86)\Microsoft Visual Studio\2017\Community\Common7\IDE\VC\VCTargets\BuildCustomizations\masm.props" cannot be imported again. It was already imported at "C:\Program Files (x86)\Windows Kits\10\build\WindowsDriver.Shared.props (352,3)". This is most likely a build authoring error. This subsequent import will be ignored. 
D:\GROK\GROK_Explorations\GROK_Explorations.vcxproj(165,5): warning MSB4011: "C:\Program Files (x86)\Microsoft Visual Studio\2017\Community\Common7\IDE\VC\VCTargets\BuildCustomizations\masm.targets" cannot be imported again. It was already imported at "C:\Program Files (x86)\Windows Kits\10\build\WindowsDriver.common.targets (1815,3)". This is most likely a build authoring error. This subsequent import will be ignored. 
  Done Adding Additional Store
  Successfully signed: D:\GROK\GROK_Explorations\x64\Release\GROK_Explorations.sys
  
  .........................
  Signability test complete.
  
  Errors:
  None
  
  Warnings:
  None
  
  Catalog generation complete.
  D:\GROK\GROK_Explorations\x64\Release\GROK_Explorations\grok_explorations.cat
D:\GROK\GROK_Explorations\GROK_Explorations.vcxproj(105,5): warning MSB4011: "C:\Program Files (x86)\Microsoft Visual Studio\2017\Community\Common7\IDE\VC\VCTargets\BuildCustomizations\masm.props" cannot be imported again. It was already imported at "C:\Program Files (x86)\Windows Kits\10\build\WindowsDriver.Shared.props (352,3)". This is most likely a build authoring error. This subsequent import will be ignored. 
D:\GROK\GROK_Explorations\GROK_Explorations.vcxproj(165,5): warning MSB4011: "C:\Program Files (x86)\Microsoft Visual Studio\2017\Community\Common7\IDE\VC\VCTargets\BuildCustomizations\masm.targets" cannot be imported again. It was already imported at "C:\Program Files (x86)\Windows Kits\10\build\WindowsDriver.common.targets (1815,3)". This is most likely a build authoring error. This subsequent import will be ignored. 
  Done Adding Additional Store
  Successfully signed: D:\GROK\GROK_Explorations\x64\Release\GROK_Explorations\grok_explorations.cat
  
